0 info it worked if it ends with ok
1 verbose cli [ 'C:\\Program Files\\nodejs\\node.exe',
1 verbose cli   'C:\\Program Files\\nodejs\\node_modules\\npm\\bin\\npm-cli.js',
1 verbose cli   'install',
1 verbose cli   '--save-dev',
1 verbose cli   'video.js' ]
2 info using npm@3.8.6
3 info using node@v6.1.0
4 silly loadCurrentTree Starting
5 silly install loadCurrentTree
6 silly install readLocalPackageData
7 silly fetchPackageMetaData video.js
8 silly fetchDirectoryPackageData video.js
9 silly install normalizeTree
10 silly loadCurrentTree Finishing
11 silly loadIdealTree Starting
12 silly install loadIdealTree
13 silly cloneCurrentTree Starting
14 silly install cloneCurrentTreeToIdealTree
15 silly cloneCurrentTree Finishing
16 silly loadShrinkwrap Starting
17 silly install loadShrinkwrap
18 silly loadShrinkwrap Finishing
19 silly loadAllDepsIntoIdealTree Starting
20 silly install loadAllDepsIntoIdealTree
21 silly resolveWithNewModule video.js@6.2.4 checking installable status
22 silly cache add args [ 'video.js', null ]
23 verbose cache add spec video.js
24 silly cache add parsed spec Result {
24 silly cache add   raw: 'video.js',
24 silly cache add   scope: null,
24 silly cache add   name: null,
24 silly cache add   rawSpec: 'video.js',
24 silly cache add   spec: 'D:\\php5\\htdocs\\wpapp\\wp-content\\themes\\grosh\\video.js',
24 silly cache add   type: 'directory' }
25 verbose addLocalDirectory C:\Users\awalu\AppData\Roaming\npm-cache\video.js\6.2.4\package.tgz not in flight; packing
26 verbose correctMkdir C:\Users\awalu\AppData\Roaming\npm-cache correctMkdir not in flight; initializing
27 info lifecycle video.js@6.2.4~prepublish: video.js@6.2.4
28 verbose lifecycle video.js@6.2.4~prepublish: unsafe-perm in lifecycle true
29 verbose lifecycle video.js@6.2.4~prepublish: PATH: C:\Users\awalu\AppData\Roaming\nvm\v6.1.0\node_modules\npm\bin\node-gyp-bin;D:\php5\htdocs\wpapp\wp-content\themes\grosh\video.js\node_modules\.bin;C:\Program Files\nodejs;C:\Users\awalu\bin;C:\Program Files\Git\mingw64\bin;C:\Program Files\Git\usr\local\bin;C:\Program Files\Git\usr\bin;C:\Program Files\Git\usr\bin;C:\Program Files\Git\mingw64\bin;C:\Program Files\Git\usr\bin;C:\Users\awalu\bin;C:\ProgramData\Oracle\Java\javapath;C:\WINDOWS\system32;C:\WINDOWS;C:\WINDOWS\System32\Wbem;C:\WINDOWS\System32\WindowsPowerShell\v1.0;C:\Program Files\Intel\WiFi\bin;C:\Program Files\Common Files\Intel\WirelessCommon;C:\Program Files (x86)\AMD\ATI.ACE\Core-Static;C:\Program Files\Hewlett-Packard\SimplePass;D:\php5\php;C:\ProgramData\ComposerSetup\bin;C:\Program Files (x86)\Skype\Phone;C:\Program Files (x86)\PuTTY;C:\Program Files (x86)\Windows Kits\8.1\Windows Performance Toolkit;C:\Program Files (x86)\Windows Kits\10\Windows Performance Toolkit;C:\Users\awalu\AppData\Local\Android\sdk\platform-tools;C:\Program Files\Git\cmd;C:\Program Files\Git\mingw64\bin;C:\Program Files\Git\usr\bin;C:\Program Files (x86)\Yarn\bin;C:\Users\awalu\AppData\Roaming\nvm;C:\Program Files\nodejs;C:\Users\awalu\scoop\shims;C:\Program Files (x86)\Java\jdk1.8.0_101\bin;C:\Users\awalu\AppData\Local\Programs\Python\Python35-32\Scripts;C:\Users\awalu\AppData\Local\Programs\Python\Python35-32;C:\Program Files\Intel\WiFi\bin;C:\Program Files\Common Files\Intel\WirelessCommon;C:\Users\awalu\AppData\Roaming\Composer\vendor\bin;C:\Program Files\Mercurial;C:\Users\awalu\AppData\Local\Yarn\.bin;C:\Users\awalu\AppData\Roaming\npm;D:\Program Files\MongoDB\Server\3.4\bin;C:\Users\awalu\AppData\Local\Android\sdk\tools;C:\Users\awalu\AppData\Roaming\nvm;C:\Program Files\nodejs;C:\Program Files\Git\usr\bin\vendor_perl;C:\Program Files\Git\usr\bin\core_perl
30 verbose lifecycle video.js@6.2.4~prepublish: CWD: D:\php5\htdocs\wpapp\wp-content\themes\grosh\video.js
31 silly lifecycle video.js@6.2.4~prepublish: Args: [ '/d /s /c',
31 silly lifecycle   'not-in-install && run-p docs:api build || in-install' ]
32 silly lifecycle video.js@6.2.4~prepublish: Returned: code: 1  signal: null
33 info lifecycle video.js@6.2.4~prepublish: Failed to exec prepublish script
34 error addLocal Could not install D:\php5\htdocs\wpapp\wp-content\themes\grosh\video.js
35 silly rollbackFailedOptional Starting
36 silly rollbackFailedOptional Finishing
37 silly runTopLevelLifecycles Starting
38 silly runTopLevelLifecycles Finishing
39 silly install printInstalled
40 verbose stack Error: video.js@6.2.4 prepublish: `not-in-install && run-p docs:api build || in-install`
40 verbose stack Exit status 1
40 verbose stack     at EventEmitter.<anonymous> (C:\Users\awalu\AppData\Roaming\nvm\v6.1.0\node_modules\npm\lib\utils\lifecycle.js:239:16)
40 verbose stack     at emitTwo (events.js:106:13)
40 verbose stack     at EventEmitter.emit (events.js:191:7)
40 verbose stack     at ChildProcess.<anonymous> (C:\Users\awalu\AppData\Roaming\nvm\v6.1.0\node_modules\npm\lib\utils\spawn.js:24:14)
40 verbose stack     at emitTwo (events.js:106:13)
40 verbose stack     at ChildProcess.emit (events.js:191:7)
40 verbose stack     at maybeClose (internal/child_process.js:850:16)
40 verbose stack     at Process.ChildProcess._handle.onexit (internal/child_process.js:215:5)
41 verbose pkgid video.js@6.2.4
42 verbose cwd D:\php5\htdocs\wpapp\wp-content\themes\grosh
43 error Windows_NT 10.0.14393
44 error argv "C:\\Program Files\\nodejs\\node.exe" "C:\\Program Files\\nodejs\\node_modules\\npm\\bin\\npm-cli.js" "install" "--save-dev" "video.js"
45 error node v6.1.0
46 error npm  v3.8.6
47 error code ELIFECYCLE
48 error video.js@6.2.4 prepublish: `not-in-install && run-p docs:api build || in-install`
48 error Exit status 1
49 error Failed at the video.js@6.2.4 prepublish script 'not-in-install && run-p docs:api build || in-install'.
49 error Make sure you have the latest version of node.js and npm installed.
49 error If you do, this is most likely a problem with the video.js package,
49 error not with npm itself.
49 error Tell the author that this fails on your system:
49 error     not-in-install && run-p docs:api build || in-install
49 error You can get information on how to open an issue for this project with:
49 error     npm bugs video.js
49 error Or if that isn't available, you can get their info via:
49 error     npm owner ls video.js
49 error There is likely additional logging output above.
50 verbose exit [ 1, true ]
